C:\USERS\DONBOT\DOCUMENTS\VISUAL STUDIO 2012\PROJECTS\GITHUB ARCHANOBOX\ARCHANOBOX\ARCHANOBOX\DEBUG\1 MAIN.OBJ
C:\USERS\DONBOT\DOCUMENTS\VISUAL STUDIO 2012\PROJECTS\GITHUB ARCHANOBOX\ARCHANOBOX\ARCHANOBOX\DEBUG\CALCULATIONS.OBJ
C:\USERS\DONBOT\DOCUMENTS\VISUAL STUDIO 2012\PROJECTS\GITHUB ARCHANOBOX\ARCHANOBOX\ARCHANOBOX\DEBUG\CAMERA.OBJ
C:\USERS\DONBOT\DOCUMENTS\VISUAL STUDIO 2012\PROJECTS\GITHUB ARCHANOBOX\ARCHANOBOX\ARCHANOBOX\DEBUG\FONTS.OBJ
C:\USERS\DONBOT\DOCUMENTS\VISUAL STUDIO 2012\PROJECTS\GITHUB ARCHANOBOX\ARCHANOBOX\ARCHANOBOX\DEBUG\HUD.OBJ
C:\USERS\DONBOT\DOCUMENTS\VISUAL STUDIO 2012\PROJECTS\GITHUB ARCHANOBOX\ARCHANOBOX\ARCHANOBOX\DEBUG\IMAGELOADER.OBJ
C:\USERS\DONBOT\DOCUMENTS\VISUAL STUDIO 2012\PROJECTS\GITHUB ARCHANOBOX\ARCHANOBOX\ARCHANOBOX\DEBUG\PIECE.OBJ
C:\USERS\DONBOT\DOCUMENTS\VISUAL STUDIO 2012\PROJECTS\GITHUB ARCHANOBOX\ARCHANOBOX\ARCHANOBOX\DEBUG\PLAYER CONTROL.OBJ
C:\USERS\DONBOT\DOCUMENTS\VISUAL STUDIO 2012\PROJECTS\GITHUB ARCHANOBOX\ARCHANOBOX\ARCHANOBOX\DEBUG\PRIMITIVE DRAWING.OBJ
C:\USERS\DONBOT\DOCUMENTS\VISUAL STUDIO 2012\PROJECTS\GITHUB ARCHANOBOX\ARCHANOBOX\ARCHANOBOX\DEBUG\RAY.OBJ
C:\USERS\DONBOT\DOCUMENTS\VISUAL STUDIO 2012\PROJECTS\GITHUB ARCHANOBOX\ARCHANOBOX\ARCHANOBOX\DEBUG\STATE MACHINE.OBJ
C:\USERS\DONBOT\DOCUMENTS\VISUAL STUDIO 2012\PROJECTS\GITHUB ARCHANOBOX\ARCHANOBOX\ARCHANOBOX\DEBUG\TILE.OBJ
C:\USERS\DONBOT\DOCUMENTS\VISUAL STUDIO 2012\PROJECTS\GITHUB ARCHANOBOX\ARCHANOBOX\ARCHANOBOX\DEBUG\TILE_GRASSLAND.OBJ
C:\USERS\DONBOT\DOCUMENTS\VISUAL STUDIO 2012\PROJECTS\GITHUB ARCHANOBOX\ARCHANOBOX\ARCHANOBOX\DEBUG\UNIT.OBJ
C:\USERS\DONBOT\DOCUMENTS\VISUAL STUDIO 2012\PROJECTS\GITHUB ARCHANOBOX\ARCHANOBOX\ARCHANOBOX\DEBUG\VECTOR3F.OBJ
C:\USERS\DONBOT\DOCUMENTS\VISUAL STUDIO 2012\PROJECTS\GITHUB ARCHANOBOX\ARCHANOBOX\ARCHANOBOX\DEBUG\VC110.PDB
C:\USERS\DONBOT\DOCUMENTS\VISUAL STUDIO 2012\PROJECTS\GITHUB ARCHANOBOX\ARCHANOBOX\DEBUG\ARCHANOBOX.ILK
C:\USERS\DONBOT\DOCUMENTS\VISUAL STUDIO 2012\PROJECTS\GITHUB ARCHANOBOX\ARCHANOBOX\DEBUG\ARCHANOBOX.EXE
C:\USERS\DONBOT\DOCUMENTS\VISUAL STUDIO 2012\PROJECTS\GITHUB ARCHANOBOX\ARCHANOBOX\DEBUG\ARCHANOBOX.PDB
C:\Users\DonBot\Documents\Visual Studio 2012\Projects\GitHub ArchanoBox\ArchanoBox\ArchanoBox\Debug\1 main.obj
C:\Users\DonBot\Documents\Visual Studio 2012\Projects\GitHub ArchanoBox\ArchanoBox\ArchanoBox\Debug\Calculations.obj
C:\Users\DonBot\Documents\Visual Studio 2012\Projects\GitHub ArchanoBox\ArchanoBox\ArchanoBox\Debug\Camera.obj
C:\Users\DonBot\Documents\Visual Studio 2012\Projects\GitHub ArchanoBox\ArchanoBox\ArchanoBox\Debug\Fonts.obj
C:\Users\DonBot\Documents\Visual Studio 2012\Projects\GitHub ArchanoBox\ArchanoBox\ArchanoBox\Debug\HUD.obj
C:\Users\DonBot\Documents\Visual Studio 2012\Projects\GitHub ArchanoBox\ArchanoBox\ArchanoBox\Debug\Imageloader.obj
C:\Users\DonBot\Documents\Visual Studio 2012\Projects\GitHub ArchanoBox\ArchanoBox\ArchanoBox\Debug\Piece.obj
C:\Users\DonBot\Documents\Visual Studio 2012\Projects\GitHub ArchanoBox\ArchanoBox\ArchanoBox\Debug\Player Control.obj
C:\Users\DonBot\Documents\Visual Studio 2012\Projects\GitHub ArchanoBox\ArchanoBox\ArchanoBox\Debug\Primitive Drawing.obj
C:\Users\DonBot\Documents\Visual Studio 2012\Projects\GitHub ArchanoBox\ArchanoBox\ArchanoBox\Debug\Ray.obj
C:\Users\DonBot\Documents\Visual Studio 2012\Projects\GitHub ArchanoBox\ArchanoBox\ArchanoBox\Debug\State Machine.obj
C:\Users\DonBot\Documents\Visual Studio 2012\Projects\GitHub ArchanoBox\ArchanoBox\ArchanoBox\Debug\Tile.obj
C:\Users\DonBot\Documents\Visual Studio 2012\Projects\GitHub ArchanoBox\ArchanoBox\ArchanoBox\Debug\Tile_Grassland.obj
C:\Users\DonBot\Documents\Visual Studio 2012\Projects\GitHub ArchanoBox\ArchanoBox\ArchanoBox\Debug\Unit.obj
C:\Users\DonBot\Documents\Visual Studio 2012\Projects\GitHub ArchanoBox\ArchanoBox\ArchanoBox\Debug\Vector3f.obj
C:\Users\DonBot\Documents\Visual Studio 2012\Projects\GitHub ArchanoBox\ArchanoBox\ArchanoBox\Debug\cl.command.1.tlog
C:\Users\DonBot\Documents\Visual Studio 2012\Projects\GitHub ArchanoBox\ArchanoBox\ArchanoBox\Debug\CL.read.1.tlog
C:\Users\DonBot\Documents\Visual Studio 2012\Projects\GitHub ArchanoBox\ArchanoBox\ArchanoBox\Debug\CL.write.1.tlog
C:\Users\DonBot\Documents\Visual Studio 2012\Projects\GitHub ArchanoBox\ArchanoBox\ArchanoBox\Debug\link-cvtres.read.1.tlog
C:\Users\DonBot\Documents\Visual Studio 2012\Projects\GitHub ArchanoBox\ArchanoBox\ArchanoBox\Debug\link-cvtres.write.1.tlog
C:\Users\DonBot\Documents\Visual Studio 2012\Projects\GitHub ArchanoBox\ArchanoBox\ArchanoBox\Debug\link-rc.read.1.tlog
C:\Users\DonBot\Documents\Visual Studio 2012\Projects\GitHub ArchanoBox\ArchanoBox\ArchanoBox\Debug\link-rc.write.1.tlog
C:\Users\DonBot\Documents\Visual Studio 2012\Projects\GitHub ArchanoBox\ArchanoBox\ArchanoBox\Debug\link.command.1.tlog
C:\Users\DonBot\Documents\Visual Studio 2012\Projects\GitHub ArchanoBox\ArchanoBox\ArchanoBox\Debug\link.read.1.tlog
C:\Users\DonBot\Documents\Visual Studio 2012\Projects\GitHub ArchanoBox\ArchanoBox\ArchanoBox\Debug\link.write.1.tlog
C:\Users\DonBot\Documents\Visual Studio 2012\Projects\GitHub ArchanoBox\ArchanoBox\ArchanoBox\Debug\vc110.idb
C:\Users\DonBot\Documents\Visual Studio 2012\Projects\GitHub ArchanoBox\ArchanoBox\ArchanoBox\Debug\vc110.pdb
C:\Users\DonBot\Documents\Visual Studio 2012\Projects\GitHub ArchanoBox\ArchanoBox\Debug\ArchanoBox.pdb
C:\Users\DonBot\Documents\Visual Studio 2012\Projects\GitHub ArchanoBox\ArchanoBox\Debug\ArchanoBox.exe
C:\Users\DonBot\Documents\Visual Studio 2012\Projects\GitHub ArchanoBox\ArchanoBox\Debug\ArchanoBox.ilk
